#
# A fatal error has been detected by the Java Runtime Environment:
#
#  EXCEPTION_ACCESS_VIOLATION (0xc0000005) at pc=0x00007ffc6f2116b0, pid=20700, tid=2296
#
# JRE version: OpenJDK Runtime Environment Temurin-18.0.1+10 (18.0.1+10) (build 18.0.1+10)
# Java VM: OpenJDK 64-Bit Server VM Temurin-18.0.1+10 (18.0.1+10, mixed mode, tiered, compressed oops, compressed class ptrs, g1 gc, windows-amd64)
# Problematic frame:
# C  [nvoglv64.dll+0xb016b0]
#
# No core dump will be written. Minidumps are not enabled by default on client versions of Windows
#
# If you would like to submit a bug report, please visit:
#   https://github.com/adoptium/adoptium-support/issues
# The crash happened outside the Java Virtual Machine in native code.
# See problematic frame for where to report the bug.
#

---------------  S U M M A R Y ------------

Command Line: --add-exports=java.base/java.lang=ALL-UNNAMED --add-exports=java.desktop/sun.awt=ALL-UNNAMED --add-exports=java.desktop/sun.java2d=ALL-UNNAMED -Djava.library.path=E:\Workspace\LEARN\NLU\ComputerGraphics\JOGLTemplate\lib;E:\Workspace\LEARN\NLU\ComputerGraphics\JOGLTemplate\lib -Dfile.encoding=UTF-8 -XX:+ShowCodeDetailsInExceptionMessages book.Program7_1

Host: AMD Ryzen 5 5600H with Radeon Graphics         , 12 cores, 7G,  Windows 11 , 64 bit Build 22621 (10.0.22621.3958)
Time: Tue Nov 19 22:25:50 2024 SE Asia Standard Time elapsed time: 1.690368 seconds (0d 0h 0m 1s)

---------------  T H R E A D  ---------------

Current thread (0x00000151388c3430):  JavaThread "AWT-EventQueue-0" [_thread_in_native, id=2296, stack(0x000000279b000000,0x000000279b100000)]

Stack: [0x000000279b000000,0x000000279b100000],  sp=0x000000279b0fe318,  free space=1016k
Native frames: (J=compiled Java code, j=interpreted, Vv=VM code, C=native code)
C  [nvoglv64.dll+0xb016b0]

Java frames: (J=compiled Java code, j=interpreted, Vv=VM code)
j  jogamp.opengl.gl4.GL4bcImpl.dispatch_glDrawElements1(IIIJJ)V+0
j  jogamp.opengl.gl4.GL4bcImpl.glDrawElements(IIIJ)V+53
j  book.Program7_1.display(Lcom/jogamp/opengl/GLAutoDrawable;)V+574
j  jogamp.opengl.GLDrawableHelper.displayImpl(Lcom/jogamp/opengl/GLAutoDrawable;)V+62
j  jogamp.opengl.GLDrawableHelper.display(Lcom/jogamp/opengl/GLAutoDrawable;)V+2
j  com.jogamp.opengl.awt.GLCanvas$10.run()V+118
j  jogamp.opengl.GLDrawableHelper.invokeGLImpl(Lcom/jogamp/opengl/GLDrawable;Lcom/jogamp/opengl/GLContext;Ljava/lang/Runnable;Ljava/lang/Runnable;)V+205
j  jogamp.opengl.GLDrawableHelper.invokeGL(Lcom/jogamp/opengl/GLDrawable;Lcom/jogamp/opengl/GLContext;Ljava/lang/Runnable;Ljava/lang/Runnable;)V+75
j  com.jogamp.opengl.awt.GLCanvas$11.run()V+104
j  java.awt.event.InvocationEvent.dispatch()V+11 java.desktop@18.0.1
j  java.awt.EventQueue.dispatchEventImpl(Ljava/awt/AWTEvent;Ljava/lang/Object;)V+21 java.desktop@18.0.1
j  java.awt.EventQueue$4.run()Ljava/lang/Void;+32 java.desktop@18.0.1
j  java.awt.EventQueue$4.run()Ljava/lang/Object;+1 java.desktop@18.0.1
j  java.security.AccessController.executePrivileged(Ljava/security/PrivilegedAction;Ljava/security/AccessControlContext;Ljava/lang/Class;)Ljava/lang/Object;+29 java.base@18.0.1
j  java.security.AccessController.doPrivileged(Ljava/security/PrivilegedAction;Ljava/security/AccessControlContext;)Ljava/lang/Object;+13 java.base@18.0.1
j  java.security.ProtectionDomain$JavaSecurityAccessImpl.doIntersectionPrivilege(Ljava/security/PrivilegedAction;Ljava/security/AccessControlContext;Ljava/security/AccessControlContext;)Ljava/lang/Object;+18 java.base@18.0.1
j  java.awt.EventQueue.dispatchEvent(Ljava/awt/AWTEvent;)V+46 java.desktop@18.0.1
j  java.awt.EventDispatchThread.pumpOneEventForFilters(I)V+78 java.desktop@18.0.1
j  java.awt.EventDispatchThread.pumpEventsForFilter(ILjava/awt/Conditional;Ljava/awt/EventFilter;)V+35 java.desktop@18.0.1
j  java.awt.EventDispatchThread.pumpEventsForHierarchy(ILjava/awt/Conditional;Ljava/awt/Component;)V+11 java.desktop@18.0.1
j  java.awt.EventDispatchThread.pumpEvents(ILjava/awt/Conditional;)V+4 java.desktop@18.0.1
j  java.awt.EventDispatchThread.pumpEvents(Ljava/awt/Conditional;)V+3 java.desktop@18.0.1
j  java.awt.EventDispatchThread.run()V+9 java.desktop@18.0.1
v  ~StubRoutines::call_stub

siginfo: EXCEPTION_ACCESS_VIOLATION (0xc0000005), reading address 0x0000000000000000


Register to memory mapping:

RIP=0x00007ffc6f2116b0 nvoglv64.dll
RAX=0x0 is NULL
RBX=0x0 is NULL
RCX=0x000001513ac026cc points into unknown readable memory: 00 00 00 00
RDX=0x0000000000000008 is an unknown value
RSP=0x000000279b0fe318 is pointing into the stack for thread: 0x00000151388c3430
RBP=0x0000000000000002 is an unknown value
RSI=0x0000000000000961 is an unknown value
RDI=0x0000015141315a28 points into unknown readable memory: 0x0000000000000000 | 00 00 00 00 00 00 00 00
R8 =0x0000000000000010 is an unknown value
R9 =0x0000000000000961 is an unknown value
R10=0x0000000000000010 is an unknown value
R11=0x0000000000000010 is an unknown value
R12=0x000001513ac026cc points into unknown readable memory: 00 00 00 00
R13=0x0000000000000001 is an unknown value
R14=0x0 is NULL
R15=0x000001513af8daf0 points into unknown readable memory: 0x0000000000000000 | 00 00 00 00 00 00 00 00


Registers:
RAX=0x0000000000000000, RBX=0x0000000000000000, RCX=0x000001513ac026cc, RDX=0x0000000000000008
RSP=0x000000279b0fe318, RBP=0x0000000000000002, RSI=0x0000000000000961, RDI=0x0000015141315a28
R8 =0x0000000000000010, R9 =0x0000000000000961, R10=0x0000000000000010, R11=0x0000000000000010
R12=0x000001513ac026cc, R13=0x0000000000000001, R14=0x0000000000000000, R15=0x000001513af8daf0
RIP=0x00007ffc6f2116b0, EFLAGS=0x0000000000010202

Top of Stack: (sp=0x000000279b0fe318)
0x000000279b0fe318:   00007ffc6f2bcce4 0000000000000000
0x000000279b0fe328:   00007ffc6e710000 000000000001069c
0x000000279b0fe338:   000001514153c470 00007ffc00000000
0x000000279b0fe348:   00007ffc6eb79ab7 0000000000000003
0x000000279b0fe358:   0000000000000002 000000000473ecdc
0x000000279b0fe368:   0000015141315d28 00000151415440b0
0x000000279b0fe378:   10c0000000000000 0000015141315a28
0x000000279b0fe388:   0000000000003600 0000000000000001
0x000000279b0fe398:   0000000000000000 0000000000000961
0x000000279b0fe3a8:   000001514153c470 0000015141315a28
0x000000279b0fe3b8:   00000151418c0000 0000000000003600
0x000000279b0fe3c8:   0000000000003600 0000000000001405
0x000000279b0fe3d8:   00007ffc6f2ae154 00000151418c0000
0x000000279b0fe3e8:   0000000000000000 0000000000000961
0x000000279b0fe3f8:   0000015100000000 d3ffc5df00001400
0x000000279b0fe408:   0000000000000000 000000279b0fe420 

Instructions: (pc=0x00007ffc6f2116b0)
0x00007ffc6f2115b0:   48 8b 8f 98 c1 04 00 45 33 c0 8b d6 e8 3f fb ff
0x00007ffc6f2115c0:   ff 85 f6 75 08 48 8b cf e8 53 63 06 00 45 8b ce
0x00007ffc6f2115d0:   4c 8b c5 8b d6 48 8b cf e8 23 f5 ff ff 85 f6 75
0x00007ffc6f2115e0:   14 81 8f d8 c1 04 00 ff ff ff 3f 81 8f d0 c1 04
0x00007ffc6f2115f0:   00 00 00 20 00 48 8b 5c 24 30 48 8b 6c 24 38 48
0x00007ffc6f211600:   8b 74 24 40 48 8b 7c 24 48 48 83 c4 20 41 5e c3
0x00007ffc6f211610:   4d 63 d0 0f 1f 40 00 66 0f 1f 84 00 00 00 00 00
0x00007ffc6f211620:   8b 02 49 03 d2 89 01 48 83 c1 04 41 83 e9 01 75
0x00007ffc6f211630:   ef 48 8b c1 c3 cc cc cc cc cc cc cc cc cc cc cc
0x00007ffc6f211640:   4d 63 d0 8b 02 89 01 8b 42 04 49 03 d2 89 41 04
0x00007ffc6f211650:   48 83 c1 08 41 83 e9 01 75 e9 48 8b c1 c3 cc cc
0x00007ffc6f211660:   4d 63 d0 48 83 c2 08 66 0f 1f 84 00 00 00 00 00
0x00007ffc6f211670:   8b 42 f8 89 01 8b 42 fc 89 41 04 8b 02 49 03 d2
0x00007ffc6f211680:   89 41 08 48 83 c1 0c 41 83 e9 01 75 e3 48 8b c1
0x00007ffc6f211690:   c3 cc cc cc cc cc cc cc cc cc cc cc cc cc cc cc
0x00007ffc6f2116a0:   4d 63 d0 48 83 c2 08 66 0f 1f 84 00 00 00 00 00
0x00007ffc6f2116b0:   8b 42 f8 89 01 8b 42 fc 89 41 04 8b 02 89 41 08
0x00007ffc6f2116c0:   8b 42 04 49 03 d2 89 41 0c 48 83 c1 10 41 83 e9
0x00007ffc6f2116d0:   01 75 dd 48 8b c1 c3 cc cc cc cc cc cc cc cc cc
0x00007ffc6f2116e0:   49 63 c0 0f 1f 40 00 66 0f 1f 84 00 00 00 00 00
0x00007ffc6f2116f0:   f2 0f 10 02 48 03 d0 66 0f 5a c0 f3 0f 11 01 48
0x00007ffc6f211700:   83 c1 04 41 83 e9 01 75 e7 48 8b c1 c3 cc cc cc
0x00007ffc6f211710:   49 63 c0 f2 0f 10 02 66 0f 5a c0 f3 0f 11 01 f2
0x00007ffc6f211720:   0f 10 4a 08 48 03 d0 66 0f 5a c9 f3 0f 11 49 04
0x00007ffc6f211730:   48 83 c1 08 41 83 e9 01 75 d9 48 8b c1 c3 cc cc
0x00007ffc6f211740:   49 63 c0 48 83 c2 10 66 0f 1f 84 00 00 00 00 00
0x00007ffc6f211750:   f2 0f 10 42 f0 66 0f 5a c0 f3 0f 11 01 f2 0f 10
0x00007ffc6f211760:   4a f8 66 0f 5a c9 f3 0f 11 49 04 f2 0f 10 02 48
0x00007ffc6f211770:   03 d0 66 0f 5a c0 f3 0f 11 41 08 48 83 c1 0c 41
0x00007ffc6f211780:   83 e9 01 75 cb 48 8b c1 c3 cc cc cc cc cc cc cc
0x00007ffc6f211790:   49 63 c0 48 83 c2 10 66 0f 1f 84 00 00 00 00 00
0x00007ffc6f2117a0:   f2 0f 10 42 f0 66 0f 5a c0 f3 0f 11 01 f2 0f 10 


Stack slot to memory mapping:
stack at sp + 0 slots: 0x00007ffc6f2bcce4 nvoglv64.dll
stack at sp + 1 slots: 0x0 is NULL
stack at sp + 2 slots: 0x00007ffc6e710000 nvoglv64.dll
stack at sp + 3 slots: 0x000000000001069c is an unknown value
stack at sp + 4 slots: 0x000001514153c470 points into unknown readable memory: 0x0000000000002000 | 00 20 00 00 00 00 00 00
stack at sp + 5 slots: 0x00007ffc00000000 is an unknown value
stack at sp + 6 slots: 0x00007ffc6eb79ab7 nvoglv64.dll
stack at sp + 7 slots: 0x0000000000000003 is an unknown value


---------------  P R O C E S S  ---------------

Threads class SMR info:
_java_thread_list=0x0000015140e28340, length=21, elements={
0x0000015134284990, 0x00000151342855f0, 0x000001513429c230, 0x000001513429cbd0,
0x000001513429d570, 0x00000151342d7500, 0x0000015138411ae0, 0x00000151384127d0,
0x00000151384164e0, 0x00000151385ca840, 0x00000151385cf180, 0x00000151388839a0,
0x0000015138883e60, 0x0000015138884320, 0x00000151388c3430, 0x000001511a418420,
0x0000015140cd42c0, 0x0000015141155f90, 0x0000015141163150, 0x0000015138f05370,
0x00000151414a1070
}

Java Threads: ( => current thread )
  0x0000015134284990 JavaThread "Reference Handler" daemon [_thread_blocked, id=2044, stack(0x000000279a100000,0x000000279a200000)]
  0x00000151342855f0 JavaThread "Finalizer" daemon [_thread_blocked, id=600, stack(0x000000279a200000,0x000000279a300000)]
  0x000001513429c230 JavaThread "Signal Dispatcher" daemon [_thread_blocked, id=3656, stack(0x000000279a300000,0x000000279a400000)]
  0x000001513429cbd0 JavaThread "Attach Listener" daemon [_thread_blocked, id=24568, stack(0x000000279a400000,0x000000279a500000)]
  0x000001513429d570 JavaThread "Service Thread" daemon [_thread_blocked, id=16420, stack(0x000000279a500000,0x000000279a600000)]
  0x00000151342d7500 JavaThread "Monitor Deflation Thread" daemon [_thread_blocked, id=24588, stack(0x000000279a600000,0x000000279a700000)]
  0x0000015138411ae0 JavaThread "C2 CompilerThread0" daemon [_thread_blocked, id=15524, stack(0x000000279a700000,0x000000279a800000)]
  0x00000151384127d0 JavaThread "C1 CompilerThread0" daemon [_thread_blocked, id=7236, stack(0x000000279a800000,0x000000279a900000)]
  0x00000151384164e0 JavaThread "Sweeper thread" daemon [_thread_blocked, id=23608, stack(0x000000279a900000,0x000000279aa00000)]
  0x00000151385ca840 JavaThread "Common-Cleaner" daemon [_thread_blocked, id=18764, stack(0x000000279aa00000,0x000000279ab00000)]
  0x00000151385cf180 JavaThread "Notification Thread" daemon [_thread_blocked, id=26588, stack(0x000000279ab00000,0x000000279ac00000)]
  0x00000151388839a0 JavaThread "Java2D Disposer" daemon [_thread_blocked, id=20544, stack(0x000000279ad00000,0x000000279ae00000)]
  0x0000015138883e60 JavaThread "AWT-Shutdown" [_thread_blocked, id=9728, stack(0x000000279ae00000,0x000000279af00000)]
  0x0000015138884320 JavaThread "AWT-Windows" daemon [_thread_in_native, id=25332, stack(0x000000279af00000,0x000000279b000000)]
=>0x00000151388c3430 JavaThread "AWT-EventQueue-0" [_thread_in_native, id=2296, stack(0x000000279b000000,0x000000279b100000)]
  0x000001511a418420 JavaThread "DestroyJavaVM" [_thread_blocked, id=12948, stack(0x0000002799a00000,0x0000002799b00000)]
  0x0000015140cd42c0 JavaThread "AWT-EventQueue-0-SharedResourceRunner" daemon [_thread_blocked, id=2180, stack(0x000000279bd00000,0x000000279be00000)]
  0x0000015141155f90 JavaThread "C2 CompilerThread1" daemon [_thread_blocked, id=14020, stack(0x000000279c100000,0x000000279c200000)]
  0x0000015141163150 JavaThread "C2 CompilerThread2" daemon [_thread_blocked, id=20628, stack(0x000000279c200000,0x000000279c300000)]
  0x0000015138f05370 JavaThread "AWT-EventQueue-0-AWTAnimator#00" [_thread_blocked, id=16076, stack(0x000000279cb00000,0x000000279cc00000)]
  0x00000151414a1070 JavaThread "D3D Screen Updater" daemon [_thread_blocked, id=8972, stack(0x000000279cc00000,0x000000279cd00000)]

Other Threads:
  0x000001513427f060 VMThread "VM Thread" [stack: 0x000000279a000000,0x000000279a100000] [id=2216]
  0x000001513851a4c0 WatcherThread "VM Periodic Task Thread" [stack: 0x000000279ac00000,0x000000279ad00000] [id=1612]
  0x000001511a4774e0 WorkerThread "GC Thread#0" [stack: 0x0000002799b00000,0x0000002799c00000] [id=4336]
  0x000001514117aef0 WorkerThread "GC Thread#1" [stack: 0x000000279c300000,0x000000279c400000] [id=4960]
  0x000001514117b190 WorkerThread "GC Thread#2" [stack: 0x000000279c400000,0x000000279c500000] [id=14728]
  0x000001514117b430 WorkerThread "GC Thread#3" [stack: 0x000000279c500000,0x000000279c600000] [id=24540]
  0x000001514117b6d0 WorkerThread "GC Thread#4" [stack: 0x000000279c600000,0x000000279c700000] [id=17432]
  0x000001514117b970 WorkerThread "GC Thread#5" [stack: 0x000000279c700000,0x000000279c800000] [id=19448]
  0x000001514102e8c0 WorkerThread "GC Thread#6" [stack: 0x000000279bf00000,0x000000279c000000] [id=12412]
  0x000001514102eb60 WorkerThread "GC Thread#7" [stack: 0x000000279c800000,0x000000279c900000] [id=13640]
  0x000001514102ee00 WorkerThread "GC Thread#8" [stack: 0x000000279c900000,0x000000279ca00000] [id=19412]
  0x00000151410341c0 WorkerThread "GC Thread#9" [stack: 0x000000279ca00000,0x000000279cb00000] [id=10564]
  0x000001511a4876f0 ConcurrentGCThread "G1 Main Marker" [stack: 0x0000002799c00000,0x0000002799d00000] [id=24256]
  0x000001511a4880e0 WorkerThread "G1 Conc#0" [stack: 0x0000002799d00000,0x0000002799e00000] [id=18848]
  0x0000015141183180 WorkerThread "G1 Conc#1" [stack: 0x000000279cd00000,0x000000279ce00000] [id=20856]
  0x00000151411836c0 WorkerThread "G1 Conc#2" [stack: 0x000000279ce00000,0x000000279cf00000] [id=10784]
  0x000001511a4ce520 ConcurrentGCThread "G1 Refine#0" [stack: 0x0000002799e00000,0x0000002799f00000] [id=21008]
  0x00000151340f2100 ConcurrentGCThread "G1 Service" [stack: 0x0000002799f00000,0x000000279a000000] [id=15612]

Threads with active compile tasks:

VM state: not at safepoint (normal execution)

VM Mutex/Monitor currently owned by a thread: None

Heap address: 0x000000008a600000, size: 1882 MB, Compressed Oops mode: 32-bit

CDS archive(s) not mapped
Compressed class space mapped at: 0x0000000100000000-0x0000000140000000, reserved size: 1073741824
Narrow klass base: 0x0000000000000000, Narrow klass shift: 3, Narrow klass range: 0x140000000

GC Precious Log:
 CardTable entry size: 512
 Card Set container configuration: InlinePtr #cards 5 size 8 Array Of Cards #cards 12 size 40 Howl #buckets 4 coarsen threshold 1843 Howl Bitmap #cards 512 size 80 coarsen threshold 460 Card regions per heap region 1 cards per card region 2048
 CPUs: 12 total, 12 available
 Memory: 7521M
 Large Page Support: Disabled
 NUMA Support: Disabled
 Compressed Oops: Enabled (32-bit)
 Heap Region Size: 1M
 Heap Min Capacity: 8M
 Heap Initial Capacity: 118M
 Heap Max Capacity: 1882M
 Pre-touch: Disabled
 Parallel Workers: 10
 Concurrent Workers: 3
 Concurrent Refinement Workers: 10
 Periodic GC: Disabled

Heap:
 garbage-first heap   total 24576K, used 8767K [0x000000008a600000, 0x0000000100000000)
  region size 1024K, 6 young (6144K), 2 survivors (2048K)
 Metaspace       used 23134K, committed 23360K, reserved 1114112K
  class space    used 1917K, committed 1984K, reserved 1048576K

Heap Regions: E=young(eden), S=young(survivor), O=old, HS=humongous(starts), HC=humongous(continues), CS=collection set, F=free, OA=open archive, CA=closed archive, TAMS=top-at-mark-start (previous, next)
|   0|0x000000008a600000, 0x000000008a700000, 0x000000008a700000|100%| O|  |TAMS 0x000000008a600000, 0x000000008a600000| Untracked 
|   1|0x000000008a700000, 0x000000008a800000, 0x000000008a800000|100%| O|  |TAMS 0x000000008a7f9800, 0x000000008a700000| Untracked 
|   2|0x000000008a800000, 0x000000008a900000, 0x000000008a900000|100%| O|  |TAMS 0x000000008a800000, 0x000000008a800000| Untracked 
|   3|0x000000008a900000, 0x000000008a9e2800, 0x000000008aa00000| 88%| O|  |TAMS 0x000000008a900000, 0x000000008a900000| Untracked 
|   4|0x000000008aa00000, 0x000000008aa00000, 0x000000008ab00000|  0%| F|  |TAMS 0x000000008aa00000, 0x000000008aa00000| Untracked 
|   5|0x000000008ab00000, 0x000000008ab00000, 0x000000008ac00000|  0%| F|  |TAMS 0x000000008ab00000, 0x000000008ab00000| Untracked 
|   6|0x000000008ac00000, 0x000000008ac00000, 0x000000008ad00000|  0%| F|  |TAMS 0x000000008ac00000, 0x000000008ac00000| Untracked 
|   7|0x000000008ad00000, 0x000000008ad00000, 0x000000008ae00000|  0%| F|  |TAMS 0x000000008ad00000, 0x000000008ad00000| Untracked 
|   8|0x000000008ae00000, 0x000000008ae00000, 0x000000008af00000|  0%| F|  |TAMS 0x000000008ae00000, 0x000000008ae00000| Untracked 
|   9|0x000000008af00000, 0x000000008af00000, 0x000000008b000000|  0%| F|  |TAMS 0x000000008af00000, 0x000000008af00000| Untracked 
|  10|0x000000008b000000, 0x000000008b000000, 0x000000008b100000|  0%| F|  |TAMS 0x000000008b000000, 0x000000008b000000| Untracked 
|  11|0x000000008b100000, 0x000000008b100000, 0x000000008b200000|  0%| F|  |TAMS 0x000000008b100000, 0x000000008b100000| Untracked 
|  12|0x000000008b200000, 0x000000008b200000, 0x000000008b300000|  0%| F|  |TAMS 0x000000008b200000, 0x000000008b200000| Untracked 
|  13|0x000000008b300000, 0x000000008b300000, 0x000000008b400000|  0%| F|  |TAMS 0x000000008b300000, 0x000000008b300000| Untracked 
|  14|0x000000008b400000, 0x000000008b400000, 0x000000008b500000|  0%| F|  |TAMS 0x000000008b400000, 0x000000008b400000| Untracked 
|  15|0x000000008b500000, 0x000000008b500000, 0x000000008b600000|  0%| F|  |TAMS 0x000000008b500000, 0x000000008b500000| Untracked 
|  16|0x000000008b600000, 0x000000008b600000, 0x000000008b700000|  0%| F|  |TAMS 0x000000008b600000, 0x000000008b600000| Untracked 
|  17|0x000000008b700000, 0x000000008b700000, 0x000000008b800000|  0%| F|  |TAMS 0x000000008b700000, 0x000000008b700000| Untracked 
|  18|0x000000008b800000, 0x000000008b900000, 0x000000008b900000|100%| E|  |TAMS 0x000000008b800000, 0x000000008b800000| Complete 
|  19|0x000000008b900000, 0x000000008ba00000, 0x000000008ba00000|100%| E|CS|TAMS 0x000000008b900000, 0x000000008b900000| Complete 
|  20|0x000000008ba00000, 0x000000008bb00000, 0x000000008bb00000|100%| E|CS|TAMS 0x000000008ba00000, 0x000000008ba00000| Complete 
| 104|0x0000000090e00000, 0x0000000090ead750, 0x0000000090f00000| 67%| S|CS|TAMS 0x0000000090e00000, 0x0000000090e00000| Complete 
| 105|0x0000000090f00000, 0x0000000091000000, 0x0000000091000000|100%| S|CS|TAMS 0x0000000090f00000, 0x0000000090f00000| Complete 
| 117|0x0000000091b00000, 0x0000000091c00000, 0x0000000091c00000|100%| E|CS|TAMS 0x0000000091b00000, 0x0000000091b00000| Complete 

Card table byte_map: [0x000001512d3f0000,0x000001512d7a0000] _byte_map_base: 0x000001512cf9d000

Marking Bits (Prev, Next): (CMBitMap*) 0x000001511a477b20, (CMBitMap*) 0x000001511a477ae0
 Prev Bits: [0x000001512f8c0000, 0x0000015131628000)
 Next Bits: [0x000001512db50000, 0x000001512f8b8000)

Polling page: 0x00000151183d0000

Metaspace:

Usage:
  Non-class:     20.72 MB used.
      Class:      1.87 MB used.
       Both:     22.59 MB used.

Virtual space:
  Non-class space:       64.00 MB reserved,      20.88 MB ( 33%) committed,  1 nodes.
      Class space:        1.00 GB reserved,       1.94 MB ( <1%) committed,  1 nodes.
             Both:        1.06 GB reserved,      22.81 MB (  2%) committed. 

Chunk freelists:
   Non-Class:  3.11 MB
       Class:  1.94 MB
        Both:  5.05 MB

MaxMetaspaceSize: unlimited
CompressedClassSpaceSize: 1.00 GB
Initial GC threshold: 21.00 MB
Current GC threshold: 35.12 MB
CDS: off
MetaspaceReclaimPolicy: balanced
 - commit_granule_bytes: 65536.
 - commit_granule_words: 8192.
 - virtual_space_node_default_size: 8388608.
 - enlarge_chunks_in_place: 1.
 - new_chunks_are_fully_committed: 0.
 - uncommit_free_chunks: 1.
 - use_allocation_guard: 0.


Internal statistics:

num_allocs_failed_limit: 3.
num_arena_births: 208.
num_arena_deaths: 0.
num_vsnodes_births: 2.
num_vsnodes_deaths: 0.
num_space_committed: 361.
num_space_uncommitted: 0.
num_chunks_returned_to_freelist: 3.
num_chunks_taken_from_freelist: 525.
num_chunk_merges: 3.
num_chunk_splits: 371.
num_chunks_enlarged: 265.
num_inconsistent_stats: 0.

CodeHeap 'non-profiled nmethods': size=120000Kb used=531Kb max_used=531Kb free=119468Kb
 bounds [0x00000151255b0000, 0x0000015125820000, 0x000001512cae0000]
CodeHeap 'profiled nmethods': size=120000Kb used=2301Kb max_used=2301Kb free=117699Kb
 bounds [0x000001511e080000, 0x000001511e2f0000, 0x00000151255b0000]
CodeHeap 'non-nmethods': size=5760Kb used=1588Kb max_used=1602Kb free=4171Kb
 bounds [0x000001511dae0000, 0x000001511dd50000, 0x000001511e080000]
 total_blobs=2346 nmethods=1350 adapters=909
 compilation: enabled
              stopped_count=0, restarted_count=0
 full_count=0

Compilation events (20 events):
Event: 1.620 Thread 0x00000151384127d0 nmethod 1346 0x0000015125632a10 code [0x0000015125632ba0, 0x0000015125632c78]
Event: 1.620 Thread 0x00000151384127d0 1348       1       jogamp.opengl.util.pngj.ImageLine::setFilterUsed (6 bytes)
Event: 1.620 Thread 0x00000151384127d0 nmethod 1348 0x0000015125632d10 code [0x0000015125632ea0, 0x0000015125632fb8]
Event: 1.620 Thread 0x00000151384127d0 1349       1       jogamp.opengl.util.pngj.ImageLine::setRown (6 bytes)
Event: 1.620 Thread 0x00000151384127d0 nmethod 1349 0x0000015125633890 code [0x0000015125633a20, 0x0000015125633af8]
Event: 1.620 Thread 0x0000015141163150 nmethod 1341 0x0000015125633010 code [0x00000151256331e0, 0x0000015125633588]
Event: 1.620 Thread 0x0000015141163150 1350 %     4       jogamp.opengl.util.pngj.PngReader::unfilterRowNone @ 2 (26 bytes)
Event: 1.621 Thread 0x0000015138411ae0 1351 %     4       jogamp.opengl.util.pngj.PngReader::decodeLastReadRowToInt @ 17 (128 bytes)
Event: 1.622 Thread 0x0000015141163150 nmethod 1350% 0x0000015125633b90 code [0x0000015125633d20, 0x0000015125633e78]
Event: 1.622 Thread 0x00000151384127d0 1352   !   3       java.util.zip.ZipFile::getInputStream (275 bytes)
Event: 1.623 Thread 0x00000151384127d0 nmethod 1352 0x000001511e2bad90 code [0x000001511e2bb080, 0x000001511e2bc1c8]
Event: 1.623 Thread 0x00000151384127d0 1353       3       com.jogamp.common.util.SecurityUtil::doPrivileged (18 bytes)
Event: 1.624 Thread 0x00000151384127d0 nmethod 1353 0x000001511e2bcc90 code [0x000001511e2bce40, 0x000001511e2bd008]
Event: 1.625 Thread 0x0000015138411ae0 nmethod 1351% 0x0000015125633f90 code [0x0000015125634120, 0x0000015125634478]
Event: 1.667 Thread 0x0000015138411ae0 1354       4       java.lang.CharacterData::of (136 bytes)
Event: 1.667 Thread 0x0000015138411ae0 nmethod 1354 0x0000015125634610 code [0x0000015125634780, 0x0000015125634818]
Event: 1.674 Thread 0x0000015138411ae0 1355       4       java.lang.String::lastIndexOf (12 bytes)
Event: 1.676 Thread 0x00000151384127d0 1356       3       java.net.URLStreamHandler::toExternalForm (156 bytes)
Event: 1.677 Thread 0x0000015138411ae0 nmethod 1355 0x0000015125634910 code [0x0000015125634aa0, 0x0000015125634c78]
Event: 1.677 Thread 0x00000151384127d0 nmethod 1356 0x000001511e2bd110 code [0x000001511e2bd520, 0x000001511e2bec98]

GC Heap History (4 events):
Event: 1.102 GC heap before
{Heap before GC invocations=0 (full 0):
 garbage-first heap   total 120832K, used 23552K [0x000000008a600000, 0x0000000100000000)
  region size 1024K, 23 young (23552K), 0 survivors (0K)
 Metaspace       used 18748K, committed 19008K, reserved 1114112K
  class space    used 1533K, committed 1664K, reserved 1048576K
}
Event: 1.116 GC heap after
{Heap after GC invocations=1 (full 0):
 garbage-first heap   total 120832K, used 4070K [0x000000008a600000, 0x0000000100000000)
  region size 1024K, 3 young (3072K), 3 survivors (3072K)
 Metaspace       used 18748K, committed 19008K, reserved 1114112K
  class space    used 1533K, committed 1664K, reserved 1048576K
}
Event: 1.594 GC heap before
{Heap before GC invocations=1 (full 0):
 garbage-first heap   total 120832K, used 15334K [0x000000008a600000, 0x0000000100000000)
  region size 1024K, 15 young (15360K), 3 survivors (3072K)
 Metaspace       used 21305K, committed 21504K, reserved 1114112K
  class space    used 1820K, committed 1920K, reserved 1048576K
}
Event: 1.596 GC heap after
{Heap after GC invocations=2 (full 0):
 garbage-first heap   total 120832K, used 5695K [0x000000008a600000, 0x0000000100000000)
  region size 1024K, 2 young (2048K), 2 survivors (2048K)
 Metaspace       used 21305K, committed 21504K, reserved 1114112K
  class space    used 1820K, committed 1920K, reserved 1048576K
}

Deoptimization events (20 events):
Event: 1.550 Thread 0x00000151388c3430 DEOPT PACKING pc=0x00000151255dfed0 sp=0x000000279b0fe160
Event: 1.550 Thread 0x00000151388c3430 DEOPT UNPACKING pc=0x000001511db323a3 sp=0x000000279b0fe128 mode 2
Event: 1.550 Thread 0x00000151388c3430 Uncommon trap: trap_request=0xffffff45 fr.pc=0x00000151255f78ec relative=0x00000000000003cc
Event: 1.550 Thread 0x00000151388c3430 Uncommon trap: reason=unstable_if action=reinterpret pc=0x00000151255f78ec method=java.lang.AbstractStringBuilder.isLatin1()Z @ 10 c2
Event: 1.550 Thread 0x00000151388c3430 DEOPT PACKING pc=0x00000151255f78ec sp=0x000000279b0fe2c0
Event: 1.550 Thread 0x00000151388c3430 DEOPT UNPACKING pc=0x000001511db323a3 sp=0x000000279b0fe240 mode 2
Event: 1.551 Thread 0x00000151388c3430 DEOPT PACKING pc=0x000001511e27027e sp=0x000000279b0fe100
Event: 1.551 Thread 0x00000151388c3430 DEOPT UNPACKING pc=0x000001511db32b43 sp=0x000000279b0fd570 mode 0
Event: 1.551 Thread 0x00000151388c3430 DEOPT PACKING pc=0x000001511e27027e sp=0x000000279b0fe100
Event: 1.551 Thread 0x00000151388c3430 DEOPT UNPACKING pc=0x000001511db32b43 sp=0x000000279b0fd570 mode 0
Event: 1.551 Thread 0x00000151388c3430 DEOPT PACKING pc=0x000001511e27027e sp=0x000000279b0fe100
Event: 1.551 Thread 0x00000151388c3430 DEOPT UNPACKING pc=0x000001511db32b43 sp=0x000000279b0fd570 mode 0
Event: 1.551 Thread 0x00000151388c3430 DEOPT PACKING pc=0x000001511e27027e sp=0x000000279b0fe100
Event: 1.551 Thread 0x00000151388c3430 DEOPT UNPACKING pc=0x000001511db32b43 sp=0x000000279b0fd570 mode 0
Event: 1.552 Thread 0x00000151388c3430 DEOPT PACKING pc=0x000001511e27027e sp=0x000000279b0fe100
Event: 1.552 Thread 0x00000151388c3430 DEOPT UNPACKING pc=0x000001511db32b43 sp=0x000000279b0fd570 mode 0
Event: 1.553 Thread 0x00000151388c3430 DEOPT PACKING pc=0x000001511e27027e sp=0x000000279b0fe100
Event: 1.553 Thread 0x00000151388c3430 DEOPT UNPACKING pc=0x000001511db32b43 sp=0x000000279b0fd570 mode 0
Event: 1.553 Thread 0x00000151388c3430 DEOPT PACKING pc=0x000001511e27027e sp=0x000000279b0fe100
Event: 1.553 Thread 0x00000151388c3430 DEOPT UNPACKING pc=0x000001511db32b43 sp=0x000000279b0fd570 mode 0

Classes loaded (20 events):
Event: 1.549 Loading class sun/nio/cs/StreamDecoder
Event: 1.549 Loading class sun/nio/cs/StreamDecoder done
Event: 1.549 Loading class java/util/Scanner$PatternLRUCache
Event: 1.549 Loading class java/util/Scanner$PatternLRUCache done
Event: 1.549 Loading class java/text/spi/NumberFormatProvider
Event: 1.549 Loading class java/text/spi/NumberFormatProvider done
Event: 1.550 Loading class sun/util/locale/provider/NumberFormatProviderImpl
Event: 1.550 Loading class sun/util/locale/provider/NumberFormatProviderImpl done
Event: 1.550 Loading class java/util/regex/Pattern$Dollar
Event: 1.551 Loading class java/util/regex/Pattern$Dollar done
Event: 1.551 Loading class java/util/regex/Matcher$ImmutableMatchResult
Event: 1.551 Loading class java/util/regex/Matcher$ImmutableMatchResult done
Event: 1.607 Loading class java/util/zip/DeflaterOutputStream
Event: 1.607 Loading class java/util/zip/DeflaterOutputStream done
Event: 1.631 Loading class java/nio/BufferUnderflowException
Event: 1.631 Loading class java/nio/BufferUnderflowException done
Event: 1.632 Loading class java/nio/BufferOverflowException
Event: 1.632 Loading class java/nio/BufferOverflowException done
Event: 1.633 Loading class jdk/internal/access/foreign/MemorySegmentProxy
Event: 1.633 Loading class jdk/internal/access/foreign/MemorySegmentProxy done

Classes unloaded (0 events):
No events

Classes redefined (0 events):
No events

Internal exceptions (20 events):
Event: 0.596 Thread 0x00000151388c3430 Exception <a 'java/lang/NoSuchMethodError'{0x00000000912b9648}: 'int java.lang.invoke.DirectMethodHandle$Holder.invokeSpecial(java.lang.Object, java.lang.Object, java.lang.Object)'> (0x00000000912b9648) 
thrown [s\src\hotspot\share\interpreter\linkResolver.cpp, line 766]
Event: 0.612 Thread 0x00000151388c3430 Exception <a 'java/lang/NoSuchMethodError'{0x00000000912c9800}: 'void java.lang.invoke.DirectMethodHandle$Holder.invokeStatic(java.lang.Object, long)'> (0x00000000912c9800) 
thrown [s\src\hotspot\share\interpreter\linkResolver.cpp, line 766]
Event: 0.612 Thread 0x00000151388c3430 Exception <a 'java/lang/NoSuchMethodError'{0x00000000912cee50}: 'java.lang.Object java.lang.invoke.DirectMethodHandle$Holder.newInvokeSpecial(java.lang.Object, long)'> (0x00000000912cee50) 
thrown [s\src\hotspot\share\interpreter\linkResolver.cpp, line 766]
Event: 0.614 Thread 0x00000151388c3430 Exception <a 'java/lang/NoSuchMethodError'{0x00000000912d9818}: 'java.lang.Object java.lang.invoke.DirectMethodHandle$Holder.invokeStaticInit(java.lang.Object, java.lang.Object, long, java.lang.Object)'> (0x00000000912d9818) 
thrown [s\src\hotspot\share\interpreter\linkResolver.cpp, line 766]
Event: 0.615 Thread 0x00000151388c3430 Exception <a 'java/lang/NoSuchMethodError'{0x00000000912dfde8}: 'java.lang.Object java.lang.invoke.DirectMethodHandle$Holder.newInvokeSpecial(java.lang.Object, java.lang.Object, long)'> (0x00000000912dfde8) 
thrown [s\src\hotspot\share\interpreter\linkResolver.cpp, line 766]
Event: 0.615 Thread 0x00000151388c3430 Exception <a 'java/lang/NoSuchMethodError'{0x00000000912e3960}: 'java.lang.Object java.lang.invoke.Invokers$Holder.linkToTargetMethod(java.lang.Object, long, java.lang.Object)'> (0x00000000912e3960) 
thrown [s\src\hotspot\share\interpreter\linkResolver.cpp, line 766]
Event: 0.684 Thread 0x00000151388c3430 Exception <a 'sun/nio/fs/WindowsException'{0x0000000091189070}> (0x0000000091189070) 
thrown [s\src\hotspot\share\prims\jni.cpp, line 516]
Event: 0.686 Thread 0x00000151388c3430 Exception <a 'java/lang/NoSuchMethodError'{0x000000009118fd90}: 'int java.lang.invoke.DirectMethodHandle$Holder.invokeStatic(java.lang.Object)'> (0x000000009118fd90) 
thrown [s\src\hotspot\share\interpreter\linkResolver.cpp, line 766]
Event: 0.686 Thread 0x00000151388c3430 Exception <a 'java/lang/NoSuchMethodError'{0x0000000091193520}: 'int java.lang.invoke.DelegatingMethodHandle$Holder.reinvoke_L(java.lang.Object)'> (0x0000000091193520) 
thrown [s\src\hotspot\share\interpreter\linkResolver.cpp, line 766]
Event: 0.689 Thread 0x00000151388c3430 Exception <a 'sun/nio/fs/WindowsException'{0x00000000911b5188}> (0x00000000911b5188) 
thrown [s\src\hotspot\share\prims\jni.cpp, line 516]
Event: 0.775 Thread 0x00000151388c3430 Exception <a 'java/lang/NoSuchMethodError'{0x0000000090dd7c08}: 'long java.lang.invoke.DelegatingMethodHandle$Holder.reinvoke_L(java.lang.Object, java.lang.Object)'> (0x0000000090dd7c08) 
thrown [s\src\hotspot\share\interpreter\linkResolver.cpp, line 766]
Event: 0.776 Thread 0x00000151388c3430 Exception <a 'java/lang/NoSuchMethodError'{0x0000000090de1ee0}: 'void java.lang.invoke.DelegatingMethodHandle$Holder.reinvoke_L(java.lang.Object, java.lang.Object, long)'> (0x0000000090de1ee0) 
thrown [s\src\hotspot\share\interpreter\linkResolver.cpp, line 766]
Event: 1.236 Thread 0x0000015140cd42c0 Exception <a 'java/lang/NoSuchMethodError'{0x0000000091866b70}: 'long java.lang.invoke.Invokers$Holder.invokeExact_MT(java.lang.Object, java.lang.Object, java.lang.Object)'> (0x0000000091866b70) 
thrown [s\src\hotspot\share\interpreter\linkResolver.cpp, line 766]
Event: 1.364 Thread 0x0000015138884320 Exception <a 'java/lang/NoSuchMethodError'{0x0000000091208a28}: 'void java.lang.invoke.DirectMethodHandle$Holder.invokeVirtual(java.lang.Object, java.lang.Object)'> (0x0000000091208a28) 
thrown [s\src\hotspot\share\interpreter\linkResolver.cpp, line 766]
Event: 1.377 Thread 0x00000151388c3430 Exception <a 'java/lang/NoSuchMethodError'{0x0000000091277580}: 'void java.lang.invoke.DirectMethodHandle$Holder.invokeStaticInit(java.lang.Object)'> (0x0000000091277580) 
thrown [s\src\hotspot\share\interpreter\linkResolver.cpp, line 766]
Event: 1.431 Thread 0x00000151388c3430 Exception <a 'java/lang/NoSuchMethodError'{0x00000000912e9950}: 'java.lang.Object java.lang.invoke.DirectMethodHandle$Holder.invokeStatic(java.lang.Object, java.lang.Object, int)'> (0x00000000912e9950) 
thrown [s\src\hotspot\share\interpreter\linkResolver.cpp, line 766]
Event: 1.432 Thread 0x00000151388c3430 Implicit null exception at 0x00000151255fe4f8 to 0x00000151255fe75c
Event: 1.432 Thread 0x00000151388c3430 Exception <a 'java/lang/NoSuchMethodError'{0x00000000912f12b0}: 'int java.lang.invoke.DirectMethodHandle$Holder.invokeSpecial(java.lang.Object, java.lang.Object, java.lang.Object, int)'> (0x00000000912f12b0) 
thrown [s\src\hotspot\share\interpreter\linkResolver.cpp, line 766]
Event: 1.433 Thread 0x00000151388c3430 Exception <a 'java/lang/NoSuchMethodError'{0x0000000091104100}: 'java.lang.Object java.lang.invoke.DirectMethodHandle$Holder.invokeStatic(java.lang.Object, java.lang.Object, java.lang.Object, java.lang.Object, int)'> (0x0000000091104100) 
thrown [s\src\hotspot\share\interpreter\linkResolver.cpp, line 766]
Event: 1.434 Thread 0x00000151388c3430 Exception <a 'java/lang/NoSuchMethodError'{0x00000000911132d0}: 'java.lang.Object java.lang.invoke.Invokers$Holder.invokeExact_MT(java.lang.Object, java.lang.Object, java.lang.Object, java.lang.Object, java.lang.Object)'> (0x00000000911132d0) 
thrown [s\src\hotspot\share\interpreter\linkResolver.cpp, line 766]

VM Operations (20 events):
Event: 0.520 Executing VM operation: HandshakeAllThreads
Event: 0.520 Executing VM operation: HandshakeAllThreads done
Event: 0.540 Executing VM operation: HandshakeAllThreads
Event: 0.540 Executing VM operation: HandshakeAllThreads done
Event: 0.542 Executing VM operation: HandshakeAllThreads
Event: 0.542 Executing VM operation: HandshakeAllThreads done
Event: 0.561 Executing VM operation: HandshakeAllThreads
Event: 0.561 Executing VM operation: HandshakeAllThreads done
Event: 0.684 Executing VM operation: HandshakeAllThreads
Event: 0.684 Executing VM operation: HandshakeAllThreads done
Event: 1.102 Executing VM operation: G1CollectForAllocation
Event: 1.163 Executing VM operation: G1CollectForAllocation done
Event: 1.500 Executing VM operation: HandshakeAllThreads
Event: 1.500 Executing VM operation: HandshakeAllThreads done
Event: 1.594 Executing VM operation: CollectForMetadataAllocation
Event: 1.596 Executing VM operation: CollectForMetadataAllocation done
Event: 1.599 Executing VM operation: G1Concurrent
Event: 1.600 Executing VM operation: G1Concurrent done
Event: 1.600 Executing VM operation: G1Concurrent
Event: 1.602 Executing VM operation: G1Concurrent done

Events (20 events):
Event: 0.219 Thread 0x00000151388c3430 Thread added: 0x00000151388c3430
Event: 0.219 Thread 0x000001511a418420 Thread exited: 0x000001511a418420
Event: 0.219 Thread 0x000001511a418420 Thread added: 0x000001511a418420
Event: 0.476 Loaded shared library C:\Users\hoang\.p2\pool\plugins\org.eclipse.justj.openjdk.hotspot.jre.full.win32.x86_64_18.0.1.v20220515-1614\jre\bin\verify.dll
Event: 0.513 Thread 0x00000151409d3840 Thread added: 0x00000151409d3840
Event: 0.679 Thread 0x00000151407966e0 Thread added: 0x00000151407966e0
Event: 0.682 Thread 0x00000151407966e0 Thread exited: 0x00000151407966e0
Event: 0.685 Loaded shared library E:\Workspace\LEARN\NLU\ComputerGraphics\JOGLTemplate\lib\gluegen_rt.dll
Event: 0.696 Loaded shared library C:\Users\hoang\.p2\pool\plugins\org.eclipse.justj.openjdk.hotspot.jre.full.win32.x86_64_18.0.1.v20220515-1614\jre\bin\jawt.dll
Event: 0.697 Loaded shared library E:\Workspace\LEARN\NLU\ComputerGraphics\JOGLTemplate\lib\nativewindow_awt.dll
Event: 0.706 Loaded shared library E:\Workspace\LEARN\NLU\ComputerGraphics\JOGLTemplate\lib\nativewindow_win32.dll
Event: 0.773 Loaded shared library E:\Workspace\LEARN\NLU\ComputerGraphics\JOGLTemplate\lib\jogl_desktop.dll
Event: 0.782 Thread 0x0000015140cd42c0 Thread added: 0x0000015140cd42c0
Event: 0.933 Thread 0x00000151409d3840 Thread exited: 0x00000151409d3840
Event: 1.018 Thread 0x0000015141155f90 Thread added: 0x0000015141155f90
Event: 1.080 Thread 0x0000015141163150 Thread added: 0x0000015141163150
Event: 1.357 Thread 0x0000015138f05370 Thread added: 0x0000015138f05370
Event: 1.381 Loaded shared library C:\Users\hoang\.p2\pool\plugins\org.eclipse.justj.openjdk.hotspot.jre.full.win32.x86_64_18.0.1.v20220515-1614\jre\bin\freetype.dll
Event: 1.381 Loaded shared library C:\Users\hoang\.p2\pool\plugins\org.eclipse.justj.openjdk.hotspot.jre.full.win32.x86_64_18.0.1.v20220515-1614\jre\bin\fontmanager.dll
Event: 1.486 Thread 0x00000151414a1070 Thread added: 0x00000151414a1070


Dynamic libraries:
0x00007ff7561a0000 - 0x00007ff7561ae000 	C:\Users\hoang\.p2\pool\plugins\org.eclipse.justj.openjdk.hotspot.jre.full.win32.x86_64_18.0.1.v20220515-1614\jre\bin\javaw.exe
0x00007ffd40dd0000 - 0x00007ffd40fe7000 	C:\WINDOWS\SYSTEM32\ntdll.dll
0x00007ffd40240000 - 0x00007ffd40304000 	C:\WINDOWS\System32\KERNEL32.DLL
0x00007ffd3e620000 - 0x00007ffd3e9d7000 	C:\WINDOWS\System32\KERNELBASE.dll
0x00007ffd3e2f0000 - 0x00007ffd3e401000 	C:\WINDOWS\System32\ucrtbase.dll
0x00007ffd03ab0000 - 0x00007ffd03ac7000 	C:\Users\hoang\.p2\pool\plugins\org.eclipse.justj.openjdk.hotspot.jre.full.win32.x86_64_18.0.1.v20220515-1614\jre\bin\jli.dll
0x00007ffd01140000 - 0x00007ffd01159000 	C:\Users\hoang\.p2\pool\plugins\org.eclipse.justj.openjdk.hotspot.jre.full.win32.x86_64_18.0.1.v20220515-1614\jre\bin\VCRUNTIME140.dll
0x00007ffd407d0000 - 0x00007ffd4097f000 	C:\WINDOWS\System32\USER32.dll
0x00007ffd2ab90000 - 0x00007ffd2ae23000 	C:\WINDOWS\WinSxS\amd64_microsoft.windows.common-controls_6595b64144ccf1df_6.0.22621.3672_none_2713b9d173822955\COMCTL32.dll
0x00007ffd3e180000 - 0x00007ffd3e1a6000 	C:\WINDOWS\System32\win32u.dll
0x00007ffd404d0000 - 0x00007ffd40577000 	C:\WINDOWS\System32\msvcrt.dll
0x00007ffd40cb0000 - 0x00007ffd40cd9000 	C:\WINDOWS\System32\GDI32.dll
0x00007ffd3e9e0000 - 0x00007ffd3eaf8000 	C:\WINDOWS\System32\gdi32full.dll
0x00007ffd3e410000 - 0x00007ffd3e4aa000 	C:\WINDOWS\System32\msvcp_win.dll
0x00007ffd3f9c0000 - 0x00007ffd3f9f1000 	C:\WINDOWS\System32\IMM32.DLL
0x00007ffd30a10000 - 0x00007ffd30a1c000 	C:\Users\hoang\.p2\pool\plugins\org.eclipse.justj.openjdk.hotspot.jre.full.win32.x86_64_18.0.1.v20220515-1614\jre\bin\vcruntime140_1.dll
0x00007ffcf8ea0000 - 0x00007ffcf8f31000 	C:\Users\hoang\.p2\pool\plugins\org.eclipse.justj.openjdk.hotspot.jre.full.win32.x86_64_18.0.1.v20220515-1614\jre\bin\msvcp140.dll
0x00007ffcb5c50000 - 0x00007ffcb68d9000 	C:\Users\hoang\.p2\pool\plugins\org.eclipse.justj.openjdk.hotspot.jre.full.win32.x86_64_18.0.1.v20220515-1614\jre\bin\server\jvm.dll
0x00007ffd40180000 - 0x00007ffd40232000 	C:\WINDOWS\System32\ADVAPI32.dll
0x00007ffd40ce0000 - 0x00007ffd40d88000 	C:\WINDOWS\System32\sechost.dll
0x00007ffd3e0e0000 - 0x00007ffd3e108000 	C:\WINDOWS\System32\bcrypt.dll
0x00007ffd40060000 - 0x00007ffd40174000 	C:\WINDOWS\System32\RPCRT4.dll
0x00007ffd3fa00000 - 0x00007ffd3fa08000 	C:\WINDOWS\System32\PSAPI.DLL
0x00007ffd39e60000 - 0x00007ffd39e69000 	C:\WINDOWS\SYSTEM32\WSOCK32.dll
0x00007ffd39ca0000 - 0x00007ffd39cd4000 	C:\WINDOWS\SYSTEM32\WINMM.dll
0x00007ffd36d40000 - 0x00007ffd36d4a000 	C:\WINDOWS\SYSTEM32\VERSION.dll
0x00007ffd3f000000 - 0x00007ffd3f071000 	C:\WINDOWS\System32\WS2_32.dll
0x00007ffd3d1e0000 - 0x00007ffd3d1f8000 	C:\WINDOWS\SYSTEM32\kernel.appcore.dll
0x00007ffd39970000 - 0x00007ffd3997a000 	C:\Users\hoang\.p2\pool\plugins\org.eclipse.justj.openjdk.hotspot.jre.full.win32.x86_64_18.0.1.v20220515-1614\jre\bin\jimage.dll
0x00007ffd35b90000 - 0x00007ffd35dc2000 	C:\WINDOWS\SYSTEM32\DBGHELP.DLL
0x00007ffd3fa60000 - 0x00007ffd3fdee000 	C:\WINDOWS\System32\combase.dll
0x00007ffd40a20000 - 0x00007ffd40af7000 	C:\WINDOWS\System32\OLEAUT32.dll
0x00007ffd1a780000 - 0x00007ffd1a7b2000 	C:\WINDOWS\SYSTEM32\dbgcore.DLL
0x00007ffd3e1b0000 - 0x00007ffd3e22b000 	C:\WINDOWS\System32\bcryptPrimitives.dll
0x00007ffd269e0000 - 0x00007ffd26a05000 	C:\Users\hoang\.p2\pool\plugins\org.eclipse.justj.openjdk.hotspot.jre.full.win32.x86_64_18.0.1.v20220515-1614\jre\bin\java.dll
0x00007ffd38c50000 - 0x00007ffd38c68000 	C:\Users\hoang\.p2\pool\plugins\org.eclipse.justj.openjdk.hotspot.jre.full.win32.x86_64_18.0.1.v20220515-1614\jre\bin\zip.dll
0x00007ffd3f080000 - 0x00007ffd3f8e9000 	C:\WINDOWS\System32\SHELL32.dll
0x00007ffd3c010000 - 0x00007ffd3c90f000 	C:\WINDOWS\SYSTEM32\windows.storage.dll
0x00007ffd3bed0000 - 0x00007ffd3c00f000 	C:\WINDOWS\SYSTEM32\wintypes.dll
0x00007ffd40bb0000 - 0x00007ffd40ca9000 	C:\WINDOWS\System32\SHCORE.dll
0x00007ffd40770000 - 0x00007ffd407ce000 	C:\WINDOWS\System32\shlwapi.dll
0x00007ffd3e010000 - 0x00007ffd3e037000 	C:\WINDOWS\SYSTEM32\profapi.dll
0x00007ffd28ad0000 - 0x00007ffd28ae3000 	C:\Users\hoang\.p2\pool\plugins\org.eclipse.justj.openjdk.hotspot.jre.full.win32.x86_64_18.0.1.v20220515-1614\jre\bin\net.dll
0x00007ffd3a190000 - 0x00007ffd3a2c6000 	C:\WINDOWS\SYSTEM32\WINHTTP.dll
0x00007ffd3d640000 - 0x00007ffd3d6a9000 	C:\WINDOWS\system32\mswsock.dll
0x00007ffd28700000 - 0x00007ffd28716000 	C:\Users\hoang\.p2\pool\plugins\org.eclipse.justj.openjdk.hotspot.jre.full.win32.x86_64_18.0.1.v20220515-1614\jre\bin\nio.dll
0x00007ffcf2070000 - 0x00007ffcf21fe000 	C:\Users\hoang\.p2\pool\plugins\org.eclipse.justj.openjdk.hotspot.jre.full.win32.x86_64_18.0.1.v20220515-1614\jre\bin\awt.dll
0x00007ffd39c00000 - 0x00007ffd39c97000 	C:\WINDOWS\SYSTEM32\apphelp.dll
0x00007ffd3b510000 - 0x00007ffd3b5c1000 	C:\WINDOWS\system32\uxtheme.dll
0x00007ffd3ff00000 - 0x00007ffd40060000 	C:\WINDOWS\System32\MSCTF.dll
0x00007ffd405c0000 - 0x00007ffd40765000 	C:\WINDOWS\System32\ole32.dll
0x00007ffd3b7a0000 - 0x00007ffd3b7cb000 	C:\WINDOWS\system32\DWMAPI.DLL
0x00007ffcddcf0000 - 0x00007ffcdddf0000 	C:\WINDOWS\system32\opengl32.dll
0x00007ffcdd840000 - 0x00007ffcdd86d000 	C:\WINDOWS\SYSTEM32\GLU32.dll
0x00007ffd3b810000 - 0x00007ffd3b847000 	C:\WINDOWS\SYSTEM32\dxcore.dll
0x00007ffcf7000000 - 0x00007ffcf71a8000 	C:\WINDOWS\system32\d3d9.dll
0x00007ffd36e40000 - 0x00007ffd36e89000 	C:\WINDOWS\SYSTEM32\directxdatabasehelper.dll
0x00007ffd3dd80000 - 0x00007ffd3dd92000 	C:\WINDOWS\SYSTEM32\msasn1.dll
0x00007ffd367f0000 - 0x00007ffd36822000 	C:\WINDOWS\SYSTEM32\cryptnet.dll
0x00007ffd3e4b0000 - 0x00007ffd3e616000 	C:\WINDOWS\System32\CRYPT32.dll
0x00007ffd3d870000 - 0x00007ffd3d87c000 	C:\WINDOWS\SYSTEM32\cryptbase.dll
0x00007ffd3e110000 - 0x00007ffd3e17c000 	C:\WINDOWS\System32\wintrust.dll
0x00007ffd40580000 - 0x00007ffd4059f000 	C:\WINDOWS\System32\imagehlp.dll
0x00007ffd3d880000 - 0x00007ffd3d89b000 	C:\WINDOWS\SYSTEM32\CRYPTSP.dll
0x00007ffd3d140000 - 0x00007ffd3d175000 	C:\WINDOWS\system32\rsaenh.dll
0x00007ffd21fb0000 - 0x00007ffd22071000 	C:\WINDOWS\System32\DriverStore\FileRepository\nvhmi.inf_amd64_4a6e3add73c4708a\nvldumdx.dll
0x00007ffd3d990000 - 0x00007ffd3d9d9000 	C:\WINDOWS\SYSTEM32\wldp.dll
0x00007ffd369b0000 - 0x00007ffd36b12000 	C:\WINDOWS\SYSTEM32\drvstore.dll
0x00007ffd3dda0000 - 0x00007ffd3ddcc000 	C:\WINDOWS\SYSTEM32\devobj.dll
0x00007ffd3ddd0000 - 0x00007ffd3de1e000 	C:\WINDOWS\SYSTEM32\cfgmgr32.dll
0x00007ffd1ffc0000 - 0x00007ffd21fae000 	C:\WINDOWS\System32\DriverStore\FileRepository\nvhmi.inf_amd64_4a6e3add73c4708a\nvgpucomp64.dll
0x00007ffcc2200000 - 0x00007ffcc3c94000 	C:\WINDOWS\System32\DriverStore\FileRepository\nvhmi.inf_amd64_4a6e3add73c4708a\nvd3dumx.dll
0x00007ffd16140000 - 0x00007ffd16410000 	C:\WINDOWS\system32\nvspcap64.dll
0x00007ffd3d2f0000 - 0x00007ffd3d324000 	C:\WINDOWS\SYSTEM32\ntmarta.dll
0x00007ffd3d6b0000 - 0x00007ffd3d6d6000 	C:\WINDOWS\SYSTEM32\gpapi.dll
0x00007ffd13400000 - 0x00007ffd13555000 	C:\WINDOWS\System32\DriverStore\FileRepository\nvhmi.inf_amd64_4a6e3add73c4708a\nvppex.dll
0x00007ffd30b00000 - 0x00007ffd30cbb000 	C:\WINDOWS\System32\DriverStore\FileRepository\u0388886.inf_amd64_28a1b79ad1509517\B385477\aticfx64.dll
0x00007ffcfafc0000 - 0x00007ffcfaff4000 	C:\WINDOWS\System32\DriverStore\FileRepository\u0388886.inf_amd64_28a1b79ad1509517\B385477\atiu9p64.dll
0x00007ffced960000 - 0x00007ffcee6b5000 	C:\WINDOWS\System32\DriverStore\FileRepository\u0388886.inf_amd64_28a1b79ad1509517\B385477\atiumd64.dll
0x000000006bbc0000 - 0x000000006cae7000 	C:\WINDOWS\System32\DriverStore\FileRepository\u0388886.inf_amd64_28a1b79ad1509517\B385477\atiumd6a.dll
0x00007ffd3eb00000 - 0x00007ffd3ef74000 	C:\WINDOWS\System32\SETUPAPI.dll
0x00007ffd3cf50000 - 0x00007ffd3cf9d000 	C:\WINDOWS\SYSTEM32\POWRPROF.dll
0x00007ffd3cf30000 - 0x00007ffd3cf43000 	C:\WINDOWS\SYSTEM32\UMPDC.dll
0x00007ffd30440000 - 0x00007ffd30475000 	C:\WINDOWS\SYSTEM32\amdihk64.dll
0x00007ffd269d0000 - 0x00007ffd269e0000 	C:\Users\hoang\.p2\pool\plugins\org.eclipse.justj.openjdk.hotspot.jre.full.win32.x86_64_18.0.1.v20220515-1614\jre\bin\verify.dll
0x00007ffd3d6f0000 - 0x00007ffd3d718000 	C:\WINDOWS\SYSTEM32\USERENV.dll
0x00007ffd3cc20000 - 0x00007ffd3cc4d000 	C:\WINDOWS\SYSTEM32\IPHLPAPI.DLL
0x00007ffd3fef0000 - 0x00007ffd3fef9000 	C:\WINDOWS\System32\NSI.dll
0x00007ffd3a680000 - 0x00007ffd3a699000 	C:\WINDOWS\SYSTEM32\dhcpcsvc6.DLL
0x00007ffd3a170000 - 0x00007ffd3a18f000 	C:\WINDOWS\SYSTEM32\dhcpcsvc.DLL
0x00007ffd3cc50000 - 0x00007ffd3cd52000 	C:\WINDOWS\SYSTEM32\DNSAPI.dll
0x00007ffcfbab0000 - 0x00007ffcfbac3000 	E:\Workspace\LEARN\NLU\ComputerGraphics\JOGLTemplate\lib\gluegen_rt.dll
0x00007ffd27560000 - 0x00007ffd27567000 	C:\Users\hoang\.p2\pool\plugins\org.eclipse.justj.openjdk.hotspot.jre.full.win32.x86_64_18.0.1.v20220515-1614\jre\bin\jawt.dll
0x00007ffd25820000 - 0x00007ffd2582d000 	E:\Workspace\LEARN\NLU\ComputerGraphics\JOGLTemplate\lib\nativewindow_awt.dll
0x00007ffcfa0f0000 - 0x00007ffcfa105000 	E:\Workspace\LEARN\NLU\ComputerGraphics\JOGLTemplate\lib\nativewindow_win32.dll
0x00007ffcf6170000 - 0x00007ffcf61f3000 	E:\Workspace\LEARN\NLU\ComputerGraphics\JOGLTemplate\lib\jogl_desktop.dll
0x00007ffd40b00000 - 0x00007ffd40bb0000 	C:\WINDOWS\System32\clbcatq.dll
0x00007ffd36e90000 - 0x00007ffd36fd4000 	C:\Windows\System32\AppXDeploymentClient.dll
0x00007ffc6e710000 - 0x00007ffc70cf8000 	C:\WINDOWS\System32\DriverStore\FileRepository\nvhmi.inf_amd64_4a6e3add73c4708a\nvoglv64.dll
0x00007ffd3cfa0000 - 0x00007ffd3cfb4000 	C:\WINDOWS\SYSTEM32\WTSAPI32.dll
0x00007ffd3cbb0000 - 0x00007ffd3cc16000 	C:\WINDOWS\SYSTEM32\WINSTA.dll
0x00007ffcf2f10000 - 0x00007ffcf2f99000 	C:\Users\hoang\.p2\pool\plugins\org.eclipse.justj.openjdk.hotspot.jre.full.win32.x86_64_18.0.1.v20220515-1614\jre\bin\freetype.dll
0x00007ffcf2bf0000 - 0x00007ffcf2c98000 	C:\Users\hoang\.p2\pool\plugins\org.eclipse.justj.openjdk.hotspot.jre.full.win32.x86_64_18.0.1.v20220515-1614\jre\bin\fontmanager.dll
0x00007ffd22910000 - 0x00007ffd22a53000 	C:\WINDOWS\SYSTEM32\textinputframework.dll
0x00007ffd39660000 - 0x00007ffd39793000 	C:\WINDOWS\SYSTEM32\CoreMessaging.dll
0x00007ffd32cb0000 - 0x00007ffd3301d000 	C:\WINDOWS\SYSTEM32\CoreUIComponents.dll

dbghelp: loaded successfully - version: 4.0.5 - missing functions: none
symbol engine: initialized successfully - sym options: 0x614 - pdb path: .;C:\Users\hoang\.p2\pool\plugins\org.eclipse.justj.openjdk.hotspot.jre.full.win32.x86_64_18.0.1.v20220515-1614\jre\bin;C:\WINDOWS\SYSTEM32;C:\WINDOWS\WinSxS\amd64_microsoft.windows.common-controls_6595b64144ccf1df_6.0.22621.3672_none_2713b9d173822955;C:\Users\hoang\.p2\pool\plugins\org.eclipse.justj.openjdk.hotspot.jre.full.win32.x86_64_18.0.1.v20220515-1614\jre\bin\server;C:\WINDOWS\System32\DriverStore\FileRepository\nvhmi.inf_amd64_4a6e3add73c4708a;C:\WINDOWS\System32\DriverStore\FileRepository\u0388886.inf_amd64_28a1b79ad1509517\B385477;E:\Workspace\LEARN\NLU\ComputerGraphics\JOGLTemplate\lib

VM Arguments:
jvm_args: --add-exports=java.base/java.lang=ALL-UNNAMED --add-exports=java.desktop/sun.awt=ALL-UNNAMED --add-exports=java.desktop/sun.java2d=ALL-UNNAMED -Djava.library.path=E:\Workspace\LEARN\NLU\ComputerGraphics\JOGLTemplate\lib;E:\Workspace\LEARN\NLU\ComputerGraphics\JOGLTemplate\lib -Dfile.encoding=UTF-8 -XX:+ShowCodeDetailsInExceptionMessages 
java_command: book.Program7_1
java_class_path (initial): E:\Workspace\LEARN\NLU\ComputerGraphics\JOGLTemplate\bin;E:\Workspace\LEARN\NLU\ComputerGraphics\JOGLTemplate\lib\gluegen-rt.jar;E:\Workspace\LEARN\NLU\ComputerGraphics\JOGLTemplate\lib\jogl-all.jar;E:\Workspace\LEARN\NLU\ComputerGraphics\JOGLTemplate\lib\joml-1.10.5.jar;E:\Workspace\LEARN\NLU\ComputerGraphics\JOGLTemplate\lib\obj-0.2.1.jar
Launcher Type: SUN_STANDARD

[Global flags]
     intx CICompilerCount                          = 4                                         {product} {ergonomic}
     uint ConcGCThreads                            = 3                                         {product} {ergonomic}
     uint G1ConcRefinementThreads                  = 10                                        {product} {ergonomic}
   size_t G1HeapRegionSize                         = 1048576                                   {product} {ergonomic}
    uintx GCDrainStackTargetSize                   = 64                                        {product} {ergonomic}
   size_t InitialHeapSize                          = 123731968                                 {product} {ergonomic}
   size_t MarkStackSize                            = 4194304                                   {product} {ergonomic}
   size_t MaxHeapSize                              = 1973420032                                {product} {ergonomic}
   size_t MaxNewSize                               = 1183842304                                {product} {ergonomic}
   size_t MinHeapDeltaBytes                        = 1048576                                   {product} {ergonomic}
   size_t MinHeapSize                              = 8388608                                   {product} {ergonomic}
    uintx NonNMethodCodeHeapSize                   = 5839372                                {pd product} {ergonomic}
    uintx NonProfiledCodeHeapSize                  = 122909434                              {pd product} {ergonomic}
    uintx ProfiledCodeHeapSize                     = 122909434                              {pd product} {ergonomic}
    uintx ReservedCodeCacheSize                    = 251658240                              {pd product} {ergonomic}
     bool SegmentedCodeCache                       = true                                      {product} {ergonomic}
     bool ShowCodeDetailsInExceptionMessages       = true                                   {manageable} {command line}
   size_t SoftMaxHeapSize                          = 1973420032                             {manageable} {ergonomic}
     bool UseCompressedClassPointers               = true                           {product lp64_product} {ergonomic}
     bool UseCompressedOops                        = true                           {product lp64_product} {ergonomic}
     bool UseG1GC                                  = true                                      {product} {ergonomic}
     bool UseLargePagesIndividualAllocation        = false                                  {pd product} {ergonomic}

Logging:
Log output configuration:
 #0: stdout all=warning uptime,level,tags foldmultilines=false
 #1: stderr all=off uptime,level,tags foldmultilines=false

Environment Variables:
PATH=C:/Users/hoang/.p2/pool/plugins/org.eclipse.justj.openjdk.hotspot.jre.full.win32.x86_64_18.0.1.v20220515-1614/jre/bin/server;C:/Users/hoang/.p2/pool/plugins/org.eclipse.justj.openjdk.hotspot.jre.full.win32.x86_64_18.0.1.v20220515-1614/jre/bin;C:\Program Files (x86)\VMware\VMware Workstation\bin\;C:\Program Files\Common Files\Oracle\Java\javapath;C:\Program Files\Eclipse Adoptium\jdk-17.0.7.7-hotspot\bin;C:\Program Files\Microsoft MPI\Bin\;C:\Program Files (x86)\Common Files\Oracle\Java\javapath;C:\windows\system32;C:\windows;C:\windows\System32\Wbem;C:\windows\System32\WindowsPowerShell\v1.0\;C:\windows\System32\OpenSSH\;C:\Program Files (x86)\NVIDIA Corporation\PhysX\Common;C:\WINDOWS\system32;C:\WINDOWS;C:\WINDOWS\System32\Wbem;C:\WINDOWS\System32\WindowsPowerShell\v1.0\;C:\WINDOWS\System32\OpenSSH\;C:\Program Files\NVIDIA Corporation\NVIDIA NvDLISR;C:\Program Files\dotnet\;C:\Program Files (x86)\Microsoft SQL Server\160\DTS\Binn\;C:\Program Files\Azure Data Studio\bin;C:\Program Files (x86)\Microsoft SQL Server\160\Tools\Binn\;C:\Program Files\Microsoft SQL Server\160\Tools\Binn\;C:\Program Files\Microsoft SQL Server\Client SDK\ODBC\170\Tools\Binn\;C:\Program Files\Microsoft SQL Server\160\DTS\Binn\;C:\Program Files\Git\cmd;C:\composer;C:\Program Files\HP\HP One Agent;C:\Program Files\Docker\Docker\resources\bin;C:\apache-maven-3.9.9\bin;C:\Program Files\nodejs\;C:\Users\hoang\AppData\Local\Programs\Python\Python310\Scripts\;C:\Users\hoang\AppData\Local\Programs\Python\Python310\;C:\Users\hoang\AppData\Local\Microsoft\WindowsApps;C:\Program Files\JetBrains\IntelliJ IDEA 2022.3.2\bin;;C:\Program Files\Azure Data Studio\bin;C:\xampp\php;C:\Users\hoang\AppData\Local\Programs\Microsoft VS Code\bin;C:\Users\hoang\AppData\Roaming\Composer\vendor\bin;C:\Users\hoang\AppData\Local\Programs\oh-my-posh\bin;C:\Users\hoang\AppData\Roaming\npm;C:\Users\hoang\OneDrive\My tnh;
USERNAME=hoang
OS=Windows_NT
PROCESSOR_IDENTIFIER=AMD64 Family 25 Model 80 Stepping 0, AuthenticAMD



---------------  S Y S T E M  ---------------

OS:
 Windows 11 , 64 bit Build 22621 (10.0.22621.3958)
OS uptime: 7 days 15:53 hours
Hyper-V role detected

CPU: total 12 (initial active 12) (12 cores per cpu, 2 threads per core) family 25 model 80 stepping 0 microcode 0x0, cx8, cmov, fxsr, ht, mmx, 3dnowpref, sse, sse2, sse3, ssse3, sse4a, sse4.1, sse4.2, popcnt, lzcnt, tsc, tscinvbit, avx, avx2, aes, erms, clmul, bmi1, bmi2, adx, sha, fma, vzeroupper, clflush, clflushopt, hv

Memory: 4k page, system-wide physical 7521M (717M free)
TotalPageFile size 22369M (AvailPageFile size 5330M)
current process WorkingSet (physical memory assigned to process): 181M, peak: 196M
current process commit charge ("private bytes"): 281M, peak: 377M

vm_info: OpenJDK 64-Bit Server VM (18.0.1+10) for windows-amd64 JRE (18.0.1+10), built on Apr 20 2022 05:04:48 by "" with MS VC++ 16.7 (VS2019)

END.
